# Logfile created on 2014-05-19 21:18:36 +0200 by logger.rb/41954
I, [2014-05-19T21:18:36.545581 #13555]  INFO -- : 0:  blankslate (2.1.2.4) from /Users/adc/.rvm/gems/ruby-2.0.0-p353/specifications/blankslate-2.1.2.4.gemspec
I, [2014-05-19T21:18:36.545933 #13555]  INFO -- : 0:  timers (1.1.0) from /Users/adc/.rvm/gems/ruby-2.0.0-p353/specifications/timers-1.1.0.gemspec
I, [2014-05-19T21:18:36.546184 #13555]  INFO -- : 0:  celluloid (0.15.2) from /Users/adc/.rvm/gems/ruby-2.0.0-p353/specifications/celluloid-0.15.2.gemspec
I, [2014-05-19T21:18:37.981487 #13555]  INFO -- : 0:  fast-stemmer (1.0.2) from /Users/adc/.rvm/gems/ruby-2.0.0-p353/specifications/fast-stemmer-1.0.2.gemspec
I, [2014-05-19T21:18:39.146410 #13555]  INFO -- : 0:  classifier (1.3.4) from /Users/adc/.rvm/gems/ruby-2.0.0-p353/specifications/classifier-1.3.4.gemspec
I, [2014-05-19T21:18:39.146860 #13555]  INFO -- : 0:  coffee-script-source (1.7.0) from /Users/adc/.rvm/gems/ruby-2.0.0-p353/specifications/coffee-script-source-1.7.0.gemspec
I, [2014-05-19T21:18:39.147189 #13555]  INFO -- : 0:  execjs (2.0.2) from /Users/adc/.rvm/gems/ruby-2.0.0-p353/specifications/execjs-2.0.2.gemspec
I, [2014-05-19T21:18:39.147489 #13555]  INFO -- : 0:  coffee-script (2.2.0) from /Users/adc/.rvm/gems/ruby-2.0.0-p353/specifications/coffee-script-2.2.0.gemspec
I, [2014-05-19T21:18:40.167188 #13555]  INFO -- : 0:  colorator (0.1) from /Users/adc/.rvm/gems/ruby-2.0.0-p353/specifications/colorator-0.1.gemspec
I, [2014-05-19T21:18:40.167520 #13555]  INFO -- : 0:  ffi (1.9.3) from /Users/adc/.rvm/gems/ruby-2.0.0-p353/specifications/ffi-1.9.3.gemspec
I, [2014-05-19T21:18:41.265841 #13555]  INFO -- : 0:  jekyll-coffeescript (1.0.0) from /Users/adc/.rvm/gems/ruby-2.0.0-p353/specifications/jekyll-coffeescript-1.0.0.gemspec
I, [2014-05-19T21:18:42.973675 #13555]  INFO -- : 0:  sass (3.3.7) from /Users/adc/.rvm/gems/ruby-2.0.0-p353/specifications/sass-3.3.7.gemspec
I, [2014-05-19T21:18:43.998279 #13555]  INFO -- : 0:  jekyll-sass-converter (1.0.0) from /Users/adc/.rvm/gems/ruby-2.0.0-p353/specifications/jekyll-sass-converter-1.0.0.gemspec
I, [2014-05-19T21:18:45.775962 #13555]  INFO -- : 0:  kramdown (1.3.3) from /Users/adc/.rvm/gems/ruby-2.0.0-p353/specifications/kramdown-1.3.3.gemspec
I, [2014-05-19T21:18:46.982178 #13555]  INFO -- : 0:  liquid (2.5.5) from /Users/adc/.rvm/gems/ruby-2.0.0-p353/specifications/liquid-2.5.5.gemspec
I, [2014-05-19T21:18:46.982534 #13555]  INFO -- : 0:  rb-fsevent (0.9.4) from /Users/adc/.rvm/gems/ruby-2.0.0-p353/specifications/rb-fsevent-0.9.4.gemspec
I, [2014-05-19T21:18:48.067128 #13555]  INFO -- : 0:  rb-inotify (0.9.4) from /Users/adc/.rvm/gems/ruby-2.0.0-p353/specifications/rb-inotify-0.9.4.gemspec
I, [2014-05-19T21:18:49.296078 #13555]  INFO -- : 0:  listen (2.7.5) from /Users/adc/.rvm/gems/ruby-2.0.0-p353/specifications/listen-2.7.5.gemspec
I, [2014-05-19T21:18:50.388288 #13555]  INFO -- : 0:  mercenary (0.3.3) from /Users/adc/.rvm/gems/ruby-2.0.0-p353/specifications/mercenary-0.3.3.gemspec
I, [2014-05-19T21:18:51.762183 #13555]  INFO -- : 0:  posix-spawn (0.3.8) from /Users/adc/.rvm/gems/ruby-2.0.0-p353/specifications/posix-spawn-0.3.8.gemspec
I, [2014-05-19T21:18:54.314891 #13555]  INFO -- : 0:  yajl-ruby (1.1.0) from /Users/adc/.rvm/gems/ruby-2.0.0-p353/specifications/yajl-ruby-1.1.0.gemspec
I, [2014-05-19T21:18:57.009453 #13555]  INFO -- : 0:  pygments.rb (0.5.4) from /Users/adc/.rvm/gems/ruby-2.0.0-p353/specifications/pygments.rb-0.5.4.gemspec
I, [2014-05-19T21:18:59.572181 #13555]  INFO -- : 0:  redcarpet (3.1.2) from /Users/adc/.rvm/gems/ruby-2.0.0-p353/specifications/redcarpet-3.1.2.gemspec
I, [2014-05-19T21:19:00.683415 #13555]  INFO -- : 0:  safe_yaml (1.0.3) from /Users/adc/.rvm/gems/ruby-2.0.0-p353/specifications/safe_yaml-1.0.3.gemspec
I, [2014-05-19T21:19:01.891847 #13555]  INFO -- : 0:  parslet (1.5.0) from /Users/adc/.rvm/gems/ruby-2.0.0-p353/specifications/parslet-1.5.0.gemspec
I, [2014-05-19T21:19:02.986820 #13555]  INFO -- : 0:  toml (0.1.1) from /Users/adc/.rvm/gems/ruby-2.0.0-p353/specifications/toml-0.1.1.gemspec
I, [2014-05-19T21:19:04.827453 #13555]  INFO -- : 0:  jekyll (2.0.3) from /Users/adc/.rvm/gems/ruby-2.0.0-p353/specifications/jekyll-2.0.3.gemspec
I, [2014-05-19T21:19:04.827891 #13555]  INFO -- : 0:  bundler (1.5.1) from /Users/adc/.rvm/gems/ruby-2.0.0-p353@global/specifications/bundler-1.5.1.gemspec
I, [2014-05-19T21:19:44.414689 #14014]  INFO -- : 0:  blankslate (2.1.2.4) from /Users/adc/.rvm/gems/ruby-2.0.0-p353/specifications/blankslate-2.1.2.4.gemspec
I, [2014-05-19T21:19:44.415370 #14014]  INFO -- : 0:  timers (1.1.0) from /Users/adc/.rvm/gems/ruby-2.0.0-p353/specifications/timers-1.1.0.gemspec
I, [2014-05-19T21:19:44.415760 #14014]  INFO -- : 0:  celluloid (0.15.2) from /Users/adc/.rvm/gems/ruby-2.0.0-p353/specifications/celluloid-0.15.2.gemspec
I, [2014-05-19T21:19:44.416034 #14014]  INFO -- : 0:  fast-stemmer (1.0.2) from /Users/adc/.rvm/gems/ruby-2.0.0-p353/specifications/fast-stemmer-1.0.2.gemspec
I, [2014-05-19T21:19:44.416372 #14014]  INFO -- : 0:  classifier (1.3.4) from /Users/adc/.rvm/gems/ruby-2.0.0-p353/specifications/classifier-1.3.4.gemspec
I, [2014-05-19T21:19:44.416782 #14014]  INFO -- : 0:  coffee-script-source (1.7.0) from /Users/adc/.rvm/gems/ruby-2.0.0-p353/specifications/coffee-script-source-1.7.0.gemspec
I, [2014-05-19T21:19:44.417080 #14014]  INFO -- : 0:  execjs (2.0.2) from /Users/adc/.rvm/gems/ruby-2.0.0-p353/specifications/execjs-2.0.2.gemspec
I, [2014-05-19T21:19:44.417321 #14014]  INFO -- : 0:  coffee-script (2.2.0) from /Users/adc/.rvm/gems/ruby-2.0.0-p353/specifications/coffee-script-2.2.0.gemspec
I, [2014-05-19T21:19:44.417559 #14014]  INFO -- : 0:  colorator (0.1) from /Users/adc/.rvm/gems/ruby-2.0.0-p353/specifications/colorator-0.1.gemspec
I, [2014-05-19T21:19:44.417787 #14014]  INFO -- : 0:  ffi (1.9.3) from /Users/adc/.rvm/gems/ruby-2.0.0-p353/specifications/ffi-1.9.3.gemspec
I, [2014-05-19T21:19:44.418018 #14014]  INFO -- : 0:  jekyll-coffeescript (1.0.0) from /Users/adc/.rvm/gems/ruby-2.0.0-p353/specifications/jekyll-coffeescript-1.0.0.gemspec
I, [2014-05-19T21:19:44.418564 #14014]  INFO -- : 0:  sass (3.3.7) from /Users/adc/.rvm/gems/ruby-2.0.0-p353/specifications/sass-3.3.7.gemspec
I, [2014-05-19T21:19:44.418800 #14014]  INFO -- : 0:  jekyll-sass-converter (1.0.0) from /Users/adc/.rvm/gems/ruby-2.0.0-p353/specifications/jekyll-sass-converter-1.0.0.gemspec
I, [2014-05-19T21:19:44.419028 #14014]  INFO -- : 0:  kramdown (1.3.3) from /Users/adc/.rvm/gems/ruby-2.0.0-p353/specifications/kramdown-1.3.3.gemspec
I, [2014-05-19T21:19:44.419261 #14014]  INFO -- : 0:  liquid (2.5.5) from /Users/adc/.rvm/gems/ruby-2.0.0-p353/specifications/liquid-2.5.5.gemspec
I, [2014-05-19T21:19:44.419493 #14014]  INFO -- : 0:  rb-fsevent (0.9.4) from /Users/adc/.rvm/gems/ruby-2.0.0-p353/specifications/rb-fsevent-0.9.4.gemspec
I, [2014-05-19T21:19:44.419720 #14014]  INFO -- : 0:  rb-inotify (0.9.4) from /Users/adc/.rvm/gems/ruby-2.0.0-p353/specifications/rb-inotify-0.9.4.gemspec
I, [2014-05-19T21:19:44.419958 #14014]  INFO -- : 0:  listen (2.7.5) from /Users/adc/.rvm/gems/ruby-2.0.0-p353/specifications/listen-2.7.5.gemspec
I, [2014-05-19T21:19:44.420208 #14014]  INFO -- : 0:  mercenary (0.3.3) from /Users/adc/.rvm/gems/ruby-2.0.0-p353/specifications/mercenary-0.3.3.gemspec
I, [2014-05-19T21:19:44.420451 #14014]  INFO -- : 0:  posix-spawn (0.3.8) from /Users/adc/.rvm/gems/ruby-2.0.0-p353/specifications/posix-spawn-0.3.8.gemspec
I, [2014-05-19T21:19:44.420679 #14014]  INFO -- : 0:  yajl-ruby (1.1.0) from /Users/adc/.rvm/gems/ruby-2.0.0-p353/specifications/yajl-ruby-1.1.0.gemspec
I, [2014-05-19T21:19:44.420915 #14014]  INFO -- : 0:  pygments.rb (0.5.4) from /Users/adc/.rvm/gems/ruby-2.0.0-p353/specifications/pygments.rb-0.5.4.gemspec
I, [2014-05-19T21:19:44.421145 #14014]  INFO -- : 0:  redcarpet (3.1.2) from /Users/adc/.rvm/gems/ruby-2.0.0-p353/specifications/redcarpet-3.1.2.gemspec
I, [2014-05-19T21:19:44.421372 #14014]  INFO -- : 0:  safe_yaml (1.0.3) from /Users/adc/.rvm/gems/ruby-2.0.0-p353/specifications/safe_yaml-1.0.3.gemspec
I, [2014-05-19T21:19:44.421606 #14014]  INFO -- : 0:  parslet (1.5.0) from /Users/adc/.rvm/gems/ruby-2.0.0-p353/specifications/parslet-1.5.0.gemspec
I, [2014-05-19T21:19:44.421867 #14014]  INFO -- : 0:  toml (0.1.1) from /Users/adc/.rvm/gems/ruby-2.0.0-p353/specifications/toml-0.1.1.gemspec
I, [2014-05-19T21:19:44.422118 #14014]  INFO -- : 0:  jekyll (2.0.3) from /Users/adc/.rvm/gems/ruby-2.0.0-p353/specifications/jekyll-2.0.3.gemspec
I, [2014-05-19T21:19:44.433110 #14014]  INFO -- : 0:  bundler (1.5.1) from /Users/adc/.rvm/gems/ruby-2.0.0-p353@global/specifications/bundler-1.5.1.gemspec
